2025-09-29 14:57:47,284 | ERROR | 运行异常
Traceback (most recent call last):
  File "D:\wokundata\a_sh_query_web.py", line 1249, in <module>
    run()
  File "D:\wokundata\a_sh_query_web.py", line 1212, in run
    df_hist, df_qq_today, meta = minutes_for_code_with_cache(
  File "D:\wokundata\a_sh_query_web.py", line 797, in minutes_for_code_with_cache
    df_hist = build_minutes_with_cache(code, start_date, end_date, allow_incremental=True)
  File "D:\wokundata\a_sh_query_web.py", line 636, in build_minutes_with_cache
    if (now_ts() - last_ts).total_seconds() > 300:  # 距离现在超过5分钟
  File "pandas/_libs/tslibs/timestamps.pyx", line 546, in pandas._libs.tslibs.timestamps._Timestamp.__rsub__
  File "pandas/_libs/tslibs/timestamps.pyx", line 514, in pandas._libs.tslibs.timestamps._Timestamp.__sub__
TypeError: Cannot subtract tz-naive and tz-aware datetime-like objects.
2025-09-29 15:01:00,693 | INFO | [SH000001] minutes_ready: rows=240 qq_rows=242 day=2025-09-29 used=0.821s
2025-09-29 15:08:47,748 | INFO | [SH000001] minutes_ready: rows=1926 qq_rows=242 day=2025-09-29 used=6.241s
2025-09-29 15:14:10,696 | INFO | [SH000001] minutes_ready: rows=1926 qq_rows=242 day=2025-09-29 used=6.684s
2025-09-29 15:22:20,377 | INFO | [SH000001] minutes_ready: rows=1926 qq_rows=242 day=2025-09-29 used=7.237s
2025-09-29 15:26:29,762 | INFO | [SH000001] minutes_ready: rows=1926 qq_rows=242 day=2025-09-29 used=6.257s
2025-09-29 15:32:51,651 | INFO | [SH000001] minutes_ready: rows=1926 qq_rows=242 day=2025-09-29 used=6.717s
2025-09-29 15:38:02,560 | INFO | [SH000001] minutes_ready: rows=1926 qq_rows=242 day=2025-09-29 used=6.897s
